SF:lib\src\poke_api_client.dart
DA:14,1
DA:15,1
DA:20,1
DA:22,2
DA:23,3
DA:25,2
DA:26,1
DA:30,2
DA:32,1
DA:33,1
DA:36,1
LF:11
LH:11
end_of_record
SF:lib\src\models\generation.g.dart
DA:11,2
DA:14,1
DA:15,1
DA:16,2
DA:17,1
DA:18,2
DA:19,1
DA:21,1
DA:22,2
DA:23,1
DA:24,1
DA:25,1
DA:26,2
DA:47,1
DA:48,1
DA:51,1
DA:52,1
DA:53,2
DA:54,2
LF:19
LH:19
end_of_record
SF:lib\src\models\generation.dart
DA:6,1
DA:27,1
DA:34,1
DA:35,1
DA:46,1
DA:51,1
DA:52,1
LF:7
LH:7
end_of_record
SF:lib\src\models\region.g.dart
DA:11,2
DA:14,1
DA:15,1
DA:16,1
DA:17,2
DA:18,2
LF:6
LH:6
end_of_record
SF:lib\src\models\region.dart
DA:5,1
DA:26,1
DA:31,2
LF:3
LH:3
end_of_record
